
Gurobi 7.0.1 (mac64, Python) logging started Wed Nov  8 14:28:14 2017

Optimize a model with 36 rows, 26 columns and 108 nonzeros
Variable types: 0 continuous, 26 integer (26 binary)
Coefficient statistics:
  Matrix range     [1e+00, 1e+00]
  Objective range  [1e+00, 1e+01]
  Bounds range     [1e+00, 1e+00]
  RHS range        [2e+00, 2e+00]
Found heuristic solution: objective -0
Presolve time: 0.02s
Presolved: 36 rows, 26 columns, 108 nonzeros
Variable types: 0 continuous, 26 integer (26 binary)

Root relaxation: objective 1.140000e+02, 9 iterations, 0.01 seconds

    Nodes    |    Current Node    |     Objective Bounds      |     Work
 Expl Unexpl |  Obj  Depth IntInf | Incumbent    BestBd   Gap | It/Node Time

     0     0  114.00000    0    8   -0.00000  114.00000      -     -    0s
H    0     0                      80.0000000  114.00000  42.5%     -    0s
H    0     0                      83.0000000  114.00000  37.3%     -    0s
     0     0  110.00000    0   11   83.00000  110.00000  32.5%     -    0s
     0     0  104.00000    0   12   83.00000  104.00000  25.3%     -    0s
     0     0  103.50000    0   13   83.00000  103.50000  24.7%     -    0s
     0     0   99.00000    0   18   83.00000   99.00000  19.3%     -    0s
     0     0   96.44444    0   19   83.00000   96.44444  16.2%     -    0s
     0     0   96.33333    0   15   83.00000   96.33333  16.1%     -    0s
     0     0   95.50000    0   15   83.00000   95.50000  15.1%     -    0s
     0     0   94.50000    0   18   83.00000   94.50000  13.9%     -    0s
     0     0   94.50000    0   15   83.00000   94.50000  13.9%     -    0s
H    0     0                      84.0000000   94.50000  12.5%     -    0s
     0     0   94.00000    0   14   84.00000   94.00000  11.9%     -    0s
     0     0   94.00000    0   13   84.00000   94.00000  11.9%     -    0s
     0     0   93.83333    0   20   84.00000   93.83333  11.7%     -    0s
     0     0   93.83333    0   18   84.00000   93.83333  11.7%     -    0s
     0     2   93.83333    0   18   84.00000   93.83333  11.7%     -    0s

Cutting planes:
  Gomory: 2
  MIR: 7
  Zero half: 7

Explored 24 nodes (208 simplex iterations) in 0.07 seconds
Thread count was 4 (of 4 available processors)

Solution count 4: 84 83 80 -0 
Pool objective bound 84

Optimal solution found (tolerance 1.00e-04)
Best objective 8.400000000000e+01, best bound 8.400000000000e+01, gap 0.0000%

Gurobi 7.0.1 (mac64, Python) logging started Wed Nov  8 14:28:30 2017

Optimize a model with 36 rows, 26 columns and 108 nonzeros
Variable types: 0 continuous, 26 integer (26 binary)
Coefficient statistics:
  Matrix range     [1e+00, 1e+00]
  Objective range  [1e+00, 1e+01]
  Bounds range     [1e+00, 1e+00]
  RHS range        [2e+00, 2e+00]
Found heuristic solution: objective -0
Presolve time: 0.00s
Presolved: 36 rows, 26 columns, 108 nonzeros
Variable types: 0 continuous, 26 integer (26 binary)

Root relaxation: objective 1.140000e+02, 9 iterations, 0.00 seconds

    Nodes    |    Current Node    |     Objective Bounds      |     Work
 Expl Unexpl |  Obj  Depth IntInf | Incumbent    BestBd   Gap | It/Node Time

     0     0  114.00000    0    8   -0.00000  114.00000      -     -    0s
H    0     0                      80.0000000  114.00000  42.5%     -    0s
H    0     0                      83.0000000  114.00000  37.3%     -    0s
     0     0  110.00000    0   11   83.00000  110.00000  32.5%     -    0s
     0     0  104.00000    0   12   83.00000  104.00000  25.3%     -    0s
     0     0  103.50000    0   13   83.00000  103.50000  24.7%     -    0s
     0     0   99.00000    0   18   83.00000   99.00000  19.3%     -    0s
     0     0   96.44444    0   19   83.00000   96.44444  16.2%     -    0s
     0     0   96.33333    0   15   83.00000   96.33333  16.1%     -    0s
     0     0   95.50000    0   15   83.00000   95.50000  15.1%     -    0s
     0     0   94.50000    0   18   83.00000   94.50000  13.9%     -    0s
     0     0   94.50000    0   15   83.00000   94.50000  13.9%     -    0s
H    0     0                      84.0000000   94.50000  12.5%     -    0s
     0     0   94.00000    0   14   84.00000   94.00000  11.9%     -    0s
     0     0   94.00000    0   13   84.00000   94.00000  11.9%     -    0s
     0     0   93.83333    0   20   84.00000   93.83333  11.7%     -    0s
     0     0   93.83333    0   18   84.00000   93.83333  11.7%     -    0s
     0     2   93.83333    0   18   84.00000   93.83333  11.7%     -    0s

Cutting planes:
  Gomory: 2
  MIR: 7
  Zero half: 7

Explored 24 nodes (208 simplex iterations) in 0.03 seconds
Thread count was 4 (of 4 available processors)

Solution count 4: 84 83 80 -0 
Pool objective bound 84

Optimal solution found (tolerance 1.00e-04)
Best objective 8.400000000000e+01, best bound 8.400000000000e+01, gap 0.0000%

Gurobi 7.0.1 (mac64, Python) logging started Mon Nov 13 10:29:32 2017

Optimize a model with 36 rows, 26 columns and 108 nonzeros
Variable types: 0 continuous, 26 integer (26 binary)
Coefficient statistics:
  Matrix range     [1e+00, 1e+00]
  Objective range  [1e+00, 1e+01]
  Bounds range     [1e+00, 1e+00]
  RHS range        [2e+00, 2e+00]
Found heuristic solution: objective -0
Presolve time: 0.01s
Presolved: 36 rows, 26 columns, 108 nonzeros
Variable types: 0 continuous, 26 integer (26 binary)

Root relaxation: objective 1.140000e+02, 9 iterations, 0.00 seconds

    Nodes    |    Current Node    |     Objective Bounds      |     Work
 Expl Unexpl |  Obj  Depth IntInf | Incumbent    BestBd   Gap | It/Node Time

     0     0  114.00000    0    8   -0.00000  114.00000      -     -    0s
H    0     0                      80.0000000  114.00000  42.5%     -    0s
H    0     0                      83.0000000  114.00000  37.3%     -    0s
     0     0  110.00000    0   11   83.00000  110.00000  32.5%     -    0s
     0     0  104.00000    0   12   83.00000  104.00000  25.3%     -    0s
     0     0  103.50000    0   13   83.00000  103.50000  24.7%     -    0s
     0     0   99.00000    0   18   83.00000   99.00000  19.3%     -    0s
     0     0   96.44444    0   19   83.00000   96.44444  16.2%     -    0s
     0     0   96.33333    0   15   83.00000   96.33333  16.1%     -    0s
     0     0   95.50000    0   15   83.00000   95.50000  15.1%     -    0s
     0     0   94.50000    0   18   83.00000   94.50000  13.9%     -    0s
     0     0   94.50000    0   15   83.00000   94.50000  13.9%     -    0s
H    0     0                      84.0000000   94.50000  12.5%     -    0s
     0     0   94.00000    0   14   84.00000   94.00000  11.9%     -    0s
     0     0   94.00000    0   13   84.00000   94.00000  11.9%     -    0s
     0     0   93.83333    0   20   84.00000   93.83333  11.7%     -    0s
     0     0   93.83333    0   18   84.00000   93.83333  11.7%     -    0s
     0     2   93.83333    0   18   84.00000   93.83333  11.7%     -    0s

Cutting planes:
  Gomory: 2
  MIR: 7
  Zero half: 7

Explored 24 nodes (208 simplex iterations) in 0.05 seconds
Thread count was 4 (of 4 available processors)

Solution count 4: 84 83 80 -0 
Pool objective bound 84

Optimal solution found (tolerance 1.00e-04)
Best objective 8.400000000000e+01, best bound 8.400000000000e+01, gap 0.0000%

Gurobi 7.0.1 (mac64, Python) logging started Mon Nov 13 10:31:33 2017

Optimize a model with 36 rows, 26 columns and 108 nonzeros
Variable types: 0 continuous, 26 integer (26 binary)
Coefficient statistics:
  Matrix range     [1e+00, 1e+00]
  Objective range  [1e+00, 1e+01]
  Bounds range     [1e+00, 1e+00]
  RHS range        [2e+00, 2e+00]
Found heuristic solution: objective -0
Presolve time: 0.00s
Presolved: 36 rows, 26 columns, 108 nonzeros
Variable types: 0 continuous, 26 integer (26 binary)

Root relaxation: objective 1.140000e+02, 9 iterations, 0.00 seconds

    Nodes    |    Current Node    |     Objective Bounds      |     Work
 Expl Unexpl |  Obj  Depth IntInf | Incumbent    BestBd   Gap | It/Node Time

     0     0  114.00000    0    8   -0.00000  114.00000      -     -    0s
H    0     0                      80.0000000  114.00000  42.5%     -    0s
H    0     0                      83.0000000  114.00000  37.3%     -    0s
     0     0  110.00000    0   11   83.00000  110.00000  32.5%     -    0s
     0     0  104.00000    0   12   83.00000  104.00000  25.3%     -    0s
     0     0  103.50000    0   13   83.00000  103.50000  24.7%     -    0s
     0     0   99.00000    0   18   83.00000   99.00000  19.3%     -    0s
     0     0   96.44444    0   19   83.00000   96.44444  16.2%     -    0s
     0     0   96.33333    0   15   83.00000   96.33333  16.1%     -    0s
     0     0   95.50000    0   15   83.00000   95.50000  15.1%     -    0s
     0     0   94.50000    0   18   83.00000   94.50000  13.9%     -    0s
     0     0   94.50000    0   15   83.00000   94.50000  13.9%     -    0s
H    0     0                      84.0000000   94.50000  12.5%     -    0s
     0     0   94.00000    0   14   84.00000   94.00000  11.9%     -    0s
     0     0   94.00000    0   13   84.00000   94.00000  11.9%     -    0s
     0     0   93.83333    0   20   84.00000   93.83333  11.7%     -    0s
     0     0   93.83333    0   18   84.00000   93.83333  11.7%     -    0s
     0     2   93.83333    0   18   84.00000   93.83333  11.7%     -    0s

Cutting planes:
  Gomory: 2
  MIR: 7
  Zero half: 7

Explored 24 nodes (208 simplex iterations) in 0.01 seconds
Thread count was 4 (of 4 available processors)

Solution count 4: 84 83 80 -0 
Pool objective bound 84

Optimal solution found (tolerance 1.00e-04)
Best objective 8.400000000000e+01, best bound 8.400000000000e+01, gap 0.0000%

Gurobi 7.0.1 (mac64, Python) logging started Mon Nov 13 10:31:45 2017

Optimize a model with 36 rows, 26 columns and 108 nonzeros
Variable types: 0 continuous, 26 integer (26 binary)
Coefficient statistics:
  Matrix range     [1e+00, 1e+00]
  Objective range  [1e+00, 1e+01]
  Bounds range     [1e+00, 1e+00]
  RHS range        [2e+00, 2e+00]
Found heuristic solution: objective -0
Presolve time: 0.00s
Presolved: 36 rows, 26 columns, 108 nonzeros
Variable types: 0 continuous, 26 integer (26 binary)

Root relaxation: objective 1.140000e+02, 9 iterations, 0.00 seconds

    Nodes    |    Current Node    |     Objective Bounds      |     Work
 Expl Unexpl |  Obj  Depth IntInf | Incumbent    BestBd   Gap | It/Node Time

     0     0  114.00000    0    8   -0.00000  114.00000      -     -    0s
H    0     0                      80.0000000  114.00000  42.5%     -    0s
H    0     0                      83.0000000  114.00000  37.3%     -    0s
     0     0  110.00000    0   11   83.00000  110.00000  32.5%     -    0s
     0     0  104.00000    0   12   83.00000  104.00000  25.3%     -    0s
     0     0  103.50000    0   13   83.00000  103.50000  24.7%     -    0s
     0     0   99.00000    0   18   83.00000   99.00000  19.3%     -    0s
     0     0   96.44444    0   19   83.00000   96.44444  16.2%     -    0s
     0     0   96.33333    0   15   83.00000   96.33333  16.1%     -    0s
     0     0   95.50000    0   15   83.00000   95.50000  15.1%     -    0s
     0     0   94.50000    0   18   83.00000   94.50000  13.9%     -    0s
     0     0   94.50000    0   15   83.00000   94.50000  13.9%     -    0s
H    0     0                      84.0000000   94.50000  12.5%     -    0s
     0     0   94.00000    0   14   84.00000   94.00000  11.9%     -    0s
     0     0   94.00000    0   13   84.00000   94.00000  11.9%     -    0s
     0     0   93.83333    0   20   84.00000   93.83333  11.7%     -    0s
     0     0   93.83333    0   18   84.00000   93.83333  11.7%     -    0s
     0     2   93.83333    0   18   84.00000   93.83333  11.7%     -    0s

Cutting planes:
  Gomory: 2
  MIR: 7
  Zero half: 7

Explored 24 nodes (208 simplex iterations) in 0.02 seconds
Thread count was 4 (of 4 available processors)

Solution count 4: 84 83 80 -0 
Pool objective bound 84

Optimal solution found (tolerance 1.00e-04)
Best objective 8.400000000000e+01, best bound 8.400000000000e+01, gap 0.0000%

Gurobi 7.0.1 (mac64, Python) logging started Mon Nov 13 14:10:59 2017

Optimize a model with 36 rows, 26 columns and 108 nonzeros
Variable types: 0 continuous, 26 integer (26 binary)
Coefficient statistics:
  Matrix range     [1e+00, 1e+00]
  Objective range  [1e+00, 1e+01]
  Bounds range     [1e+00, 1e+00]
  RHS range        [2e+00, 2e+00]
Found heuristic solution: objective -0
Presolve time: 0.01s
Presolved: 36 rows, 26 columns, 108 nonzeros
Variable types: 0 continuous, 26 integer (26 binary)

Root relaxation: objective 1.140000e+02, 9 iterations, 0.00 seconds

    Nodes    |    Current Node    |     Objective Bounds      |     Work
 Expl Unexpl |  Obj  Depth IntInf | Incumbent    BestBd   Gap | It/Node Time

     0     0  114.00000    0    8   -0.00000  114.00000      -     -    0s
H    0     0                      80.0000000  114.00000  42.5%     -    0s
H    0     0                      83.0000000  114.00000  37.3%     -    0s
     0     0  110.00000    0   11   83.00000  110.00000  32.5%     -    0s
     0     0  104.00000    0   12   83.00000  104.00000  25.3%     -    0s
     0     0  103.50000    0   13   83.00000  103.50000  24.7%     -    0s
     0     0   99.00000    0   18   83.00000   99.00000  19.3%     -    0s
     0     0   96.44444    0   19   83.00000   96.44444  16.2%     -    0s
     0     0   96.33333    0   15   83.00000   96.33333  16.1%     -    0s
     0     0   95.50000    0   15   83.00000   95.50000  15.1%     -    0s
     0     0   94.50000    0   18   83.00000   94.50000  13.9%     -    0s
     0     0   94.50000    0   15   83.00000   94.50000  13.9%     -    0s
H    0     0                      84.0000000   94.50000  12.5%     -    0s
     0     0   94.00000    0   14   84.00000   94.00000  11.9%     -    0s
     0     0   94.00000    0   13   84.00000   94.00000  11.9%     -    0s
     0     0   93.83333    0   20   84.00000   93.83333  11.7%     -    0s
     0     0   93.83333    0   18   84.00000   93.83333  11.7%     -    0s
     0     2   93.83333    0   18   84.00000   93.83333  11.7%     -    0s

Cutting planes:
  Gomory: 2
  MIR: 7
  Zero half: 7

Explored 24 nodes (208 simplex iterations) in 0.06 seconds
Thread count was 4 (of 4 available processors)

Solution count 4: 84 83 80 -0 
Pool objective bound 84

Optimal solution found (tolerance 1.00e-04)
Best objective 8.400000000000e+01, best bound 8.400000000000e+01, gap 0.0000%

Gurobi 7.0.1 (mac64, Python) logging started Mon Nov 13 14:11:21 2017

Optimize a model with 36 rows, 26 columns and 108 nonzeros
Variable types: 0 continuous, 26 integer (26 binary)
Coefficient statistics:
  Matrix range     [1e+00, 1e+00]
  Objective range  [1e+00, 1e+01]
  Bounds range     [1e+00, 1e+00]
  RHS range        [2e+00, 2e+00]
Found heuristic solution: objective -0
Presolve time: 0.01s
Presolved: 36 rows, 26 columns, 108 nonzeros
Variable types: 0 continuous, 26 integer (26 binary)

Root relaxation: objective 1.140000e+02, 9 iterations, 0.00 seconds

    Nodes    |    Current Node    |     Objective Bounds      |     Work
 Expl Unexpl |  Obj  Depth IntInf | Incumbent    BestBd   Gap | It/Node Time

     0     0  114.00000    0    8   -0.00000  114.00000      -     -    0s
H    0     0                      80.0000000  114.00000  42.5%     -    0s
H    0     0                      83.0000000  114.00000  37.3%     -    0s
     0     0  110.00000    0   11   83.00000  110.00000  32.5%     -    0s
     0     0  104.00000    0   12   83.00000  104.00000  25.3%     -    0s
     0     0  103.50000    0   13   83.00000  103.50000  24.7%     -    0s
     0     0   99.00000    0   18   83.00000   99.00000  19.3%     -    0s
     0     0   96.44444    0   19   83.00000   96.44444  16.2%     -    0s
     0     0   96.33333    0   15   83.00000   96.33333  16.1%     -    0s
     0     0   95.50000    0   15   83.00000   95.50000  15.1%     -    0s
     0     0   94.50000    0   18   83.00000   94.50000  13.9%     -    0s
     0     0   94.50000    0   15   83.00000   94.50000  13.9%     -    0s
H    0     0                      84.0000000   94.50000  12.5%     -    0s
     0     0   94.00000    0   14   84.00000   94.00000  11.9%     -    0s
     0     0   94.00000    0   13   84.00000   94.00000  11.9%     -    0s
     0     0   93.83333    0   20   84.00000   93.83333  11.7%     -    0s
     0     0   93.83333    0   18   84.00000   93.83333  11.7%     -    0s
     0     2   93.83333    0   18   84.00000   93.83333  11.7%     -    0s

Cutting planes:
  Gomory: 2
  MIR: 7
  Zero half: 7

Explored 24 nodes (208 simplex iterations) in 0.06 seconds
Thread count was 4 (of 4 available processors)

Solution count 4: 84 83 80 -0 
Pool objective bound 84

Optimal solution found (tolerance 1.00e-04)
Best objective 8.400000000000e+01, best bound 8.400000000000e+01, gap 0.0000%

Gurobi 7.0.1 (mac64, Python) logging started Mon Nov 13 14:12:06 2017

Optimize a model with 36 rows, 26 columns and 108 nonzeros
Variable types: 0 continuous, 26 integer (26 binary)
Coefficient statistics:
  Matrix range     [1e+00, 1e+00]
  Objective range  [1e+00, 1e+01]
  Bounds range     [1e+00, 1e+00]
  RHS range        [2e+00, 2e+00]
Found heuristic solution: objective -0
Presolve time: 0.01s
Presolved: 36 rows, 26 columns, 108 nonzeros
Variable types: 0 continuous, 26 integer (26 binary)

Root relaxation: objective 1.140000e+02, 9 iterations, 0.00 seconds

    Nodes    |    Current Node    |     Objective Bounds      |     Work
 Expl Unexpl |  Obj  Depth IntInf | Incumbent    BestBd   Gap | It/Node Time

     0     0  114.00000    0    8   -0.00000  114.00000      -     -    0s
H    0     0                      80.0000000  114.00000  42.5%     -    0s
H    0     0                      83.0000000  114.00000  37.3%     -    0s
     0     0  110.00000    0   11   83.00000  110.00000  32.5%     -    0s
     0     0  104.00000    0   12   83.00000  104.00000  25.3%     -    0s
     0     0  103.50000    0   13   83.00000  103.50000  24.7%     -    0s
     0     0   99.00000    0   18   83.00000   99.00000  19.3%     -    0s
     0     0   96.44444    0   19   83.00000   96.44444  16.2%     -    0s
     0     0   96.33333    0   15   83.00000   96.33333  16.1%     -    0s
     0     0   95.50000    0   15   83.00000   95.50000  15.1%     -    0s
     0     0   94.50000    0   18   83.00000   94.50000  13.9%     -    0s
     0     0   94.50000    0   15   83.00000   94.50000  13.9%     -    0s
H    0     0                      84.0000000   94.50000  12.5%     -    0s
     0     0   94.00000    0   14   84.00000   94.00000  11.9%     -    0s
     0     0   94.00000    0   13   84.00000   94.00000  11.9%     -    0s
     0     0   93.83333    0   20   84.00000   93.83333  11.7%     -    0s
     0     0   93.83333    0   18   84.00000   93.83333  11.7%     -    0s
     0     2   93.83333    0   18   84.00000   93.83333  11.7%     -    0s

Cutting planes:
  Gomory: 2
  MIR: 7
  Zero half: 7

Explored 24 nodes (208 simplex iterations) in 0.05 seconds
Thread count was 4 (of 4 available processors)

Solution count 4: 84 83 80 -0 
Pool objective bound 84

Optimal solution found (tolerance 1.00e-04)
Best objective 8.400000000000e+01, best bound 8.400000000000e+01, gap 0.0000%

Gurobi 7.0.1 (mac64, Python) logging started Mon Nov 13 14:13:48 2017

Optimize a model with 36 rows, 26 columns and 108 nonzeros
Variable types: 0 continuous, 26 integer (26 binary)
Coefficient statistics:
  Matrix range     [1e+00, 1e+00]
  Objective range  [1e+00, 1e+01]
  Bounds range     [1e+00, 1e+00]
  RHS range        [2e+00, 2e+00]
Found heuristic solution: objective -0
Presolve time: 0.01s
Presolved: 36 rows, 26 columns, 108 nonzeros
Variable types: 0 continuous, 26 integer (26 binary)

Root relaxation: objective 1.140000e+02, 9 iterations, 0.00 seconds

    Nodes    |    Current Node    |     Objective Bounds      |     Work
 Expl Unexpl |  Obj  Depth IntInf | Incumbent    BestBd   Gap | It/Node Time

     0     0  114.00000    0    8   -0.00000  114.00000      -     -    0s
H    0     0                      80.0000000  114.00000  42.5%     -    0s
H    0     0                      83.0000000  114.00000  37.3%     -    0s
     0     0  110.00000    0   11   83.00000  110.00000  32.5%     -    0s
     0     0  104.00000    0   12   83.00000  104.00000  25.3%     -    0s
     0     0  103.50000    0   13   83.00000  103.50000  24.7%     -    0s
     0     0   99.00000    0   18   83.00000   99.00000  19.3%     -    0s
     0     0   96.44444    0   19   83.00000   96.44444  16.2%     -    0s
     0     0   96.33333    0   15   83.00000   96.33333  16.1%     -    0s
     0     0   95.50000    0   15   83.00000   95.50000  15.1%     -    0s
     0     0   94.50000    0   18   83.00000   94.50000  13.9%     -    0s
     0     0   94.50000    0   15   83.00000   94.50000  13.9%     -    0s
H    0     0                      84.0000000   94.50000  12.5%     -    0s
     0     0   94.00000    0   14   84.00000   94.00000  11.9%     -    0s
     0     0   94.00000    0   13   84.00000   94.00000  11.9%     -    0s
     0     0   93.83333    0   20   84.00000   93.83333  11.7%     -    0s
     0     0   93.83333    0   18   84.00000   93.83333  11.7%     -    0s
     0     2   93.83333    0   18   84.00000   93.83333  11.7%     -    0s

Cutting planes:
  Gomory: 2
  MIR: 7
  Zero half: 7

Explored 24 nodes (208 simplex iterations) in 0.04 seconds
Thread count was 4 (of 4 available processors)

Solution count 4: 84 83 80 -0 
Pool objective bound 84

Optimal solution found (tolerance 1.00e-04)
Best objective 8.400000000000e+01, best bound 8.400000000000e+01, gap 0.0000%

Gurobi 7.0.1 (mac64, Python) logging started Mon Nov 13 14:13:57 2017

Optimize a model with 36 rows, 26 columns and 108 nonzeros
Variable types: 0 continuous, 26 integer (26 binary)
Coefficient statistics:
  Matrix range     [1e+00, 1e+00]
  Objective range  [1e+00, 1e+01]
  Bounds range     [1e+00, 1e+00]
  RHS range        [2e+00, 2e+00]
Found heuristic solution: objective -0
Presolve time: 0.00s
Presolved: 36 rows, 26 columns, 108 nonzeros
Variable types: 0 continuous, 26 integer (26 binary)

Root relaxation: objective 1.140000e+02, 9 iterations, 0.00 seconds

    Nodes    |    Current Node    |     Objective Bounds      |     Work
 Expl Unexpl |  Obj  Depth IntInf | Incumbent    BestBd   Gap | It/Node Time

     0     0  114.00000    0    8   -0.00000  114.00000      -     -    0s
H    0     0                      80.0000000  114.00000  42.5%     -    0s
H    0     0                      83.0000000  114.00000  37.3%     -    0s
     0     0  110.00000    0   11   83.00000  110.00000  32.5%     -    0s
     0     0  104.00000    0   12   83.00000  104.00000  25.3%     -    0s
     0     0  103.50000    0   13   83.00000  103.50000  24.7%     -    0s
     0     0   99.00000    0   18   83.00000   99.00000  19.3%     -    0s
     0     0   96.44444    0   19   83.00000   96.44444  16.2%     -    0s
     0     0   96.33333    0   15   83.00000   96.33333  16.1%     -    0s
     0     0   95.50000    0   15   83.00000   95.50000  15.1%     -    0s
     0     0   94.50000    0   18   83.00000   94.50000  13.9%     -    0s
     0     0   94.50000    0   15   83.00000   94.50000  13.9%     -    0s
H    0     0                      84.0000000   94.50000  12.5%     -    0s
     0     0   94.00000    0   14   84.00000   94.00000  11.9%     -    0s
     0     0   94.00000    0   13   84.00000   94.00000  11.9%     -    0s
     0     0   93.83333    0   20   84.00000   93.83333  11.7%     -    0s
     0     0   93.83333    0   18   84.00000   93.83333  11.7%     -    0s
     0     2   93.83333    0   18   84.00000   93.83333  11.7%     -    0s

Cutting planes:
  Gomory: 2
  MIR: 7
  Zero half: 7

Explored 24 nodes (208 simplex iterations) in 0.02 seconds
Thread count was 4 (of 4 available processors)

Solution count 4: 84 83 80 -0 
Pool objective bound 84

Optimal solution found (tolerance 1.00e-04)
Best objective 8.400000000000e+01, best bound 8.400000000000e+01, gap 0.0000%

Gurobi 7.0.1 (mac64, Python) logging started Mon Nov 13 14:14:02 2017

Optimize a model with 36 rows, 26 columns and 108 nonzeros
Variable types: 0 continuous, 26 integer (26 binary)
Coefficient statistics:
  Matrix range     [1e+00, 1e+00]
  Objective range  [1e+00, 1e+01]
  Bounds range     [1e+00, 1e+00]
  RHS range        [2e+00, 2e+00]
Found heuristic solution: objective -0
Presolve time: 0.00s
Presolved: 36 rows, 26 columns, 108 nonzeros
Variable types: 0 continuous, 26 integer (26 binary)

Root relaxation: objective 1.140000e+02, 9 iterations, 0.00 seconds

    Nodes    |    Current Node    |     Objective Bounds      |     Work
 Expl Unexpl |  Obj  Depth IntInf | Incumbent    BestBd   Gap | It/Node Time

     0     0  114.00000    0    8   -0.00000  114.00000      -     -    0s
H    0     0                      80.0000000  114.00000  42.5%     -    0s
H    0     0                      83.0000000  114.00000  37.3%     -    0s
     0     0  110.00000    0   11   83.00000  110.00000  32.5%     -    0s
     0     0  104.00000    0   12   83.00000  104.00000  25.3%     -    0s
     0     0  103.50000    0   13   83.00000  103.50000  24.7%     -    0s
     0     0   99.00000    0   18   83.00000   99.00000  19.3%     -    0s
     0     0   96.44444    0   19   83.00000   96.44444  16.2%     -    0s
     0     0   96.33333    0   15   83.00000   96.33333  16.1%     -    0s
     0     0   95.50000    0   15   83.00000   95.50000  15.1%     -    0s
     0     0   94.50000    0   18   83.00000   94.50000  13.9%     -    0s
     0     0   94.50000    0   15   83.00000   94.50000  13.9%     -    0s
H    0     0                      84.0000000   94.50000  12.5%     -    0s
     0     0   94.00000    0   14   84.00000   94.00000  11.9%     -    0s
     0     0   94.00000    0   13   84.00000   94.00000  11.9%     -    0s
     0     0   93.83333    0   20   84.00000   93.83333  11.7%     -    0s
     0     0   93.83333    0   18   84.00000   93.83333  11.7%     -    0s
     0     2   93.83333    0   18   84.00000   93.83333  11.7%     -    0s

Cutting planes:
  Gomory: 2
  MIR: 7
  Zero half: 7

Explored 24 nodes (208 simplex iterations) in 0.02 seconds
Thread count was 4 (of 4 available processors)

Solution count 4: 84 83 80 -0 
Pool objective bound 84

Optimal solution found (tolerance 1.00e-04)
Best objective 8.400000000000e+01, best bound 8.400000000000e+01, gap 0.0000%

Gurobi 7.0.1 (mac64, Python) logging started Mon Nov 13 14:14:51 2017

Optimize a model with 36 rows, 26 columns and 108 nonzeros
Variable types: 0 continuous, 26 integer (26 binary)
Coefficient statistics:
  Matrix range     [1e+00, 1e+00]
  Objective range  [1e+00, 1e+01]
  Bounds range     [1e+00, 1e+00]
  RHS range        [2e+00, 2e+00]
Found heuristic solution: objective -0
Presolve time: 0.00s
Presolved: 36 rows, 26 columns, 108 nonzeros
Variable types: 0 continuous, 26 integer (26 binary)

Root relaxation: objective 1.140000e+02, 9 iterations, 0.00 seconds

    Nodes    |    Current Node    |     Objective Bounds      |     Work
 Expl Unexpl |  Obj  Depth IntInf | Incumbent    BestBd   Gap | It/Node Time

     0     0  114.00000    0    8   -0.00000  114.00000      -     -    0s
H    0     0                      80.0000000  114.00000  42.5%     -    0s
H    0     0                      83.0000000  114.00000  37.3%     -    0s
     0     0  110.00000    0   11   83.00000  110.00000  32.5%     -    0s
     0     0  104.00000    0   12   83.00000  104.00000  25.3%     -    0s
     0     0  103.50000    0   13   83.00000  103.50000  24.7%     -    0s
     0     0   99.00000    0   18   83.00000   99.00000  19.3%     -    0s
     0     0   96.44444    0   19   83.00000   96.44444  16.2%     -    0s
     0     0   96.33333    0   15   83.00000   96.33333  16.1%     -    0s
     0     0   95.50000    0   15   83.00000   95.50000  15.1%     -    0s
     0     0   94.50000    0   18   83.00000   94.50000  13.9%     -    0s
     0     0   94.50000    0   15   83.00000   94.50000  13.9%     -    0s
H    0     0                      84.0000000   94.50000  12.5%     -    0s
     0     0   94.00000    0   14   84.00000   94.00000  11.9%     -    0s
     0     0   94.00000    0   13   84.00000   94.00000  11.9%     -    0s
     0     0   93.83333    0   20   84.00000   93.83333  11.7%     -    0s
     0     0   93.83333    0   18   84.00000   93.83333  11.7%     -    0s
     0     2   93.83333    0   18   84.00000   93.83333  11.7%     -    0s

Cutting planes:
  Gomory: 2
  MIR: 7
  Zero half: 7

Explored 24 nodes (208 simplex iterations) in 0.02 seconds
Thread count was 4 (of 4 available processors)

Solution count 4: 84 83 80 -0 
Pool objective bound 84

Optimal solution found (tolerance 1.00e-04)
Best objective 8.400000000000e+01, best bound 8.400000000000e+01, gap 0.0000%

Gurobi 7.0.1 (mac64, Python) logging started Mon Nov 13 14:15:00 2017

Optimize a model with 36 rows, 26 columns and 108 nonzeros
Variable types: 0 continuous, 26 integer (26 binary)
Coefficient statistics:
  Matrix range     [1e+00, 1e+00]
  Objective range  [1e+00, 1e+01]
  Bounds range     [1e+00, 1e+00]
  RHS range        [2e+00, 2e+00]
Found heuristic solution: objective -0
Presolve time: 0.00s
Presolved: 36 rows, 26 columns, 108 nonzeros
Variable types: 0 continuous, 26 integer (26 binary)

Root relaxation: objective 1.140000e+02, 9 iterations, 0.00 seconds

    Nodes    |    Current Node    |     Objective Bounds      |     Work
 Expl Unexpl |  Obj  Depth IntInf | Incumbent    BestBd   Gap | It/Node Time

     0     0  114.00000    0    8   -0.00000  114.00000      -     -    0s
H    0     0                      80.0000000  114.00000  42.5%     -    0s
H    0     0                      83.0000000  114.00000  37.3%     -    0s
     0     0  110.00000    0   11   83.00000  110.00000  32.5%     -    0s
     0     0  104.00000    0   12   83.00000  104.00000  25.3%     -    0s
     0     0  103.50000    0   13   83.00000  103.50000  24.7%     -    0s
     0     0   99.00000    0   18   83.00000   99.00000  19.3%     -    0s
     0     0   96.44444    0   19   83.00000   96.44444  16.2%     -    0s
     0     0   96.33333    0   15   83.00000   96.33333  16.1%     -    0s
     0     0   95.50000    0   15   83.00000   95.50000  15.1%     -    0s
     0     0   94.50000    0   18   83.00000   94.50000  13.9%     -    0s
     0     0   94.50000    0   15   83.00000   94.50000  13.9%     -    0s
H    0     0                      84.0000000   94.50000  12.5%     -    0s
     0     0   94.00000    0   14   84.00000   94.00000  11.9%     -    0s
     0     0   94.00000    0   13   84.00000   94.00000  11.9%     -    0s
     0     0   93.83333    0   20   84.00000   93.83333  11.7%     -    0s
     0     0   93.83333    0   18   84.00000   93.83333  11.7%     -    0s
     0     2   93.83333    0   18   84.00000   93.83333  11.7%     -    0s

Cutting planes:
  Gomory: 2
  MIR: 7
  Zero half: 7

Explored 24 nodes (208 simplex iterations) in 0.02 seconds
Thread count was 4 (of 4 available processors)

Solution count 4: 84 83 80 -0 
Pool objective bound 84

Optimal solution found (tolerance 1.00e-04)
Best objective 8.400000000000e+01, best bound 8.400000000000e+01, gap 0.0000%

Gurobi 7.0.1 (mac64, Python) logging started Mon Nov 13 14:15:13 2017

Optimize a model with 36 rows, 26 columns and 108 nonzeros
Variable types: 0 continuous, 26 integer (26 binary)
Coefficient statistics:
  Matrix range     [1e+00, 1e+00]
  Objective range  [1e+00, 1e+01]
  Bounds range     [1e+00, 1e+00]
  RHS range        [2e+00, 2e+00]
Found heuristic solution: objective -0
Presolve time: 0.00s
Presolved: 36 rows, 26 columns, 108 nonzeros
Variable types: 0 continuous, 26 integer (26 binary)

Root relaxation: objective 1.140000e+02, 9 iterations, 0.00 seconds

    Nodes    |    Current Node    |     Objective Bounds      |     Work
 Expl Unexpl |  Obj  Depth IntInf | Incumbent    BestBd   Gap | It/Node Time

     0     0  114.00000    0    8   -0.00000  114.00000      -     -    0s
H    0     0                      80.0000000  114.00000  42.5%     -    0s
H    0     0                      83.0000000  114.00000  37.3%     -    0s
     0     0  110.00000    0   11   83.00000  110.00000  32.5%     -    0s
     0     0  104.00000    0   12   83.00000  104.00000  25.3%     -    0s
     0     0  103.50000    0   13   83.00000  103.50000  24.7%     -    0s
     0     0   99.00000    0   18   83.00000   99.00000  19.3%     -    0s
     0     0   96.44444    0   19   83.00000   96.44444  16.2%     -    0s
     0     0   96.33333    0   15   83.00000   96.33333  16.1%     -    0s
     0     0   95.50000    0   15   83.00000   95.50000  15.1%     -    0s
     0     0   94.50000    0   18   83.00000   94.50000  13.9%     -    0s
     0     0   94.50000    0   15   83.00000   94.50000  13.9%     -    0s
H    0     0                      84.0000000   94.50000  12.5%     -    0s
     0     0   94.00000    0   14   84.00000   94.00000  11.9%     -    0s
     0     0   94.00000    0   13   84.00000   94.00000  11.9%     -    0s
     0     0   93.83333    0   20   84.00000   93.83333  11.7%     -    0s
     0     0   93.83333    0   18   84.00000   93.83333  11.7%     -    0s
     0     2   93.83333    0   18   84.00000   93.83333  11.7%     -    0s

Cutting planes:
  Gomory: 2
  MIR: 7
  Zero half: 7

Explored 24 nodes (208 simplex iterations) in 0.02 seconds
Thread count was 4 (of 4 available processors)

Solution count 4: 84 83 80 -0 
Pool objective bound 84

Optimal solution found (tolerance 1.00e-04)
Best objective 8.400000000000e+01, best bound 8.400000000000e+01, gap 0.0000%

Gurobi 7.0.1 (mac64, Python) logging started Mon Nov 13 14:15:39 2017

Optimize a model with 36 rows, 26 columns and 108 nonzeros
Variable types: 0 continuous, 26 integer (26 binary)
Coefficient statistics:
  Matrix range     [1e+00, 1e+00]
  Objective range  [1e+00, 1e+01]
  Bounds range     [1e+00, 1e+00]
  RHS range        [2e+00, 2e+00]
Found heuristic solution: objective -0
Presolve time: 0.00s
Presolved: 36 rows, 26 columns, 108 nonzeros
Variable types: 0 continuous, 26 integer (26 binary)

Root relaxation: objective 1.140000e+02, 9 iterations, 0.00 seconds

    Nodes    |    Current Node    |     Objective Bounds      |     Work
 Expl Unexpl |  Obj  Depth IntInf | Incumbent    BestBd   Gap | It/Node Time

     0     0  114.00000    0    8   -0.00000  114.00000      -     -    0s
H    0     0                      80.0000000  114.00000  42.5%     -    0s
H    0     0                      83.0000000  114.00000  37.3%     -    0s
     0     0  110.00000    0   11   83.00000  110.00000  32.5%     -    0s
     0     0  104.00000    0   12   83.00000  104.00000  25.3%     -    0s
     0     0  103.50000    0   13   83.00000  103.50000  24.7%     -    0s
     0     0   99.00000    0   18   83.00000   99.00000  19.3%     -    0s
     0     0   96.44444    0   19   83.00000   96.44444  16.2%     -    0s
     0     0   96.33333    0   15   83.00000   96.33333  16.1%     -    0s
     0     0   95.50000    0   15   83.00000   95.50000  15.1%     -    0s
     0     0   94.50000    0   18   83.00000   94.50000  13.9%     -    0s
     0     0   94.50000    0   15   83.00000   94.50000  13.9%     -    0s
H    0     0                      84.0000000   94.50000  12.5%     -    0s
     0     0   94.00000    0   14   84.00000   94.00000  11.9%     -    0s
     0     0   94.00000    0   13   84.00000   94.00000  11.9%     -    0s
     0     0   93.83333    0   20   84.00000   93.83333  11.7%     -    0s
     0     0   93.83333    0   18   84.00000   93.83333  11.7%     -    0s
     0     2   93.83333    0   18   84.00000   93.83333  11.7%     -    0s

Cutting planes:
  Gomory: 2
  MIR: 7
  Zero half: 7

Explored 24 nodes (208 simplex iterations) in 0.02 seconds
Thread count was 4 (of 4 available processors)

Solution count 4: 84 83 80 -0 
Pool objective bound 84

Optimal solution found (tolerance 1.00e-04)
Best objective 8.400000000000e+01, best bound 8.400000000000e+01, gap 0.0000%

Gurobi 7.0.1 (mac64, Python) logging started Mon Nov 13 14:16:02 2017

Optimize a model with 36 rows, 26 columns and 108 nonzeros
Variable types: 0 continuous, 26 integer (26 binary)
Coefficient statistics:
  Matrix range     [1e+00, 1e+00]
  Objective range  [1e+00, 1e+01]
  Bounds range     [1e+00, 1e+00]
  RHS range        [2e+00, 2e+00]
Found heuristic solution: objective -0
Presolve time: 0.00s
Presolved: 36 rows, 26 columns, 108 nonzeros
Variable types: 0 continuous, 26 integer (26 binary)

Root relaxation: objective 1.140000e+02, 9 iterations, 0.00 seconds

    Nodes    |    Current Node    |     Objective Bounds      |     Work
 Expl Unexpl |  Obj  Depth IntInf | Incumbent    BestBd   Gap | It/Node Time

     0     0  114.00000    0    8   -0.00000  114.00000      -     -    0s
H    0     0                      80.0000000  114.00000  42.5%     -    0s
H    0     0                      83.0000000  114.00000  37.3%     -    0s
     0     0  110.00000    0   11   83.00000  110.00000  32.5%     -    0s
     0     0  104.00000    0   12   83.00000  104.00000  25.3%     -    0s
     0     0  103.50000    0   13   83.00000  103.50000  24.7%     -    0s
     0     0   99.00000    0   18   83.00000   99.00000  19.3%     -    0s
     0     0   96.44444    0   19   83.00000   96.44444  16.2%     -    0s
     0     0   96.33333    0   15   83.00000   96.33333  16.1%     -    0s
     0     0   95.50000    0   15   83.00000   95.50000  15.1%     -    0s
     0     0   94.50000    0   18   83.00000   94.50000  13.9%     -    0s
     0     0   94.50000    0   15   83.00000   94.50000  13.9%     -    0s
H    0     0                      84.0000000   94.50000  12.5%     -    0s
     0     0   94.00000    0   14   84.00000   94.00000  11.9%     -    0s
     0     0   94.00000    0   13   84.00000   94.00000  11.9%     -    0s
     0     0   93.83333    0   20   84.00000   93.83333  11.7%     -    0s
     0     0   93.83333    0   18   84.00000   93.83333  11.7%     -    0s
     0     2   93.83333    0   18   84.00000   93.83333  11.7%     -    0s

Cutting planes:
  Gomory: 2
  MIR: 7
  Zero half: 7

Explored 24 nodes (208 simplex iterations) in 0.03 seconds
Thread count was 4 (of 4 available processors)

Solution count 4: 84 83 80 -0 
Pool objective bound 84

Optimal solution found (tolerance 1.00e-04)
Best objective 8.400000000000e+01, best bound 8.400000000000e+01, gap 0.0000%

Gurobi 7.0.1 (mac64, Python) logging started Mon Nov 13 14:16:09 2017

Optimize a model with 36 rows, 26 columns and 108 nonzeros
Variable types: 0 continuous, 26 integer (26 binary)
Coefficient statistics:
  Matrix range     [1e+00, 1e+00]
  Objective range  [1e+00, 1e+01]
  Bounds range     [1e+00, 1e+00]
  RHS range        [2e+00, 2e+00]
Found heuristic solution: objective -0
Presolve time: 0.00s
Presolved: 36 rows, 26 columns, 108 nonzeros
Variable types: 0 continuous, 26 integer (26 binary)

Root relaxation: objective 1.140000e+02, 9 iterations, 0.00 seconds

    Nodes    |    Current Node    |     Objective Bounds      |     Work
 Expl Unexpl |  Obj  Depth IntInf | Incumbent    BestBd   Gap | It/Node Time

     0     0  114.00000    0    8   -0.00000  114.00000      -     -    0s
H    0     0                      80.0000000  114.00000  42.5%     -    0s
H    0     0                      83.0000000  114.00000  37.3%     -    0s
     0     0  110.00000    0   11   83.00000  110.00000  32.5%     -    0s
     0     0  104.00000    0   12   83.00000  104.00000  25.3%     -    0s
     0     0  103.50000    0   13   83.00000  103.50000  24.7%     -    0s
     0     0   99.00000    0   18   83.00000   99.00000  19.3%     -    0s
     0     0   96.44444    0   19   83.00000   96.44444  16.2%     -    0s
     0     0   96.33333    0   15   83.00000   96.33333  16.1%     -    0s
     0     0   95.50000    0   15   83.00000   95.50000  15.1%     -    0s
     0     0   94.50000    0   18   83.00000   94.50000  13.9%     -    0s
     0     0   94.50000    0   15   83.00000   94.50000  13.9%     -    0s
H    0     0                      84.0000000   94.50000  12.5%     -    0s
     0     0   94.00000    0   14   84.00000   94.00000  11.9%     -    0s
     0     0   94.00000    0   13   84.00000   94.00000  11.9%     -    0s
     0     0   93.83333    0   20   84.00000   93.83333  11.7%     -    0s
     0     0   93.83333    0   18   84.00000   93.83333  11.7%     -    0s
     0     2   93.83333    0   18   84.00000   93.83333  11.7%     -    0s

Cutting planes:
  Gomory: 2
  MIR: 7
  Zero half: 7

Explored 24 nodes (208 simplex iterations) in 0.02 seconds
Thread count was 4 (of 4 available processors)

Solution count 4: 84 83 80 -0 
Pool objective bound 84

Optimal solution found (tolerance 1.00e-04)
Best objective 8.400000000000e+01, best bound 8.400000000000e+01, gap 0.0000%

Gurobi 7.0.1 (mac64, Python) logging started Mon Nov 13 14:16:45 2017

Optimize a model with 36 rows, 26 columns and 108 nonzeros
Variable types: 0 continuous, 26 integer (26 binary)
Coefficient statistics:
  Matrix range     [1e+00, 1e+00]
  Objective range  [1e+00, 1e+01]
  Bounds range     [1e+00, 1e+00]
  RHS range        [2e+00, 2e+00]
Found heuristic solution: objective -0
Presolve time: 0.00s
Presolved: 36 rows, 26 columns, 108 nonzeros
Variable types: 0 continuous, 26 integer (26 binary)

Root relaxation: objective 1.140000e+02, 9 iterations, 0.00 seconds

    Nodes    |    Current Node    |     Objective Bounds      |     Work
 Expl Unexpl |  Obj  Depth IntInf | Incumbent    BestBd   Gap | It/Node Time

     0     0  114.00000    0    8   -0.00000  114.00000      -     -    0s
H    0     0                      80.0000000  114.00000  42.5%     -    0s
H    0     0                      83.0000000  114.00000  37.3%     -    0s
     0     0  110.00000    0   11   83.00000  110.00000  32.5%     -    0s
     0     0  104.00000    0   12   83.00000  104.00000  25.3%     -    0s
     0     0  103.50000    0   13   83.00000  103.50000  24.7%     -    0s
     0     0   99.00000    0   18   83.00000   99.00000  19.3%     -    0s
     0     0   96.44444    0   19   83.00000   96.44444  16.2%     -    0s
     0     0   96.33333    0   15   83.00000   96.33333  16.1%     -    0s
     0     0   95.50000    0   15   83.00000   95.50000  15.1%     -    0s
     0     0   94.50000    0   18   83.00000   94.50000  13.9%     -    0s
     0     0   94.50000    0   15   83.00000   94.50000  13.9%     -    0s
H    0     0                      84.0000000   94.50000  12.5%     -    0s
     0     0   94.00000    0   14   84.00000   94.00000  11.9%     -    0s
     0     0   94.00000    0   13   84.00000   94.00000  11.9%     -    0s
     0     0   93.83333    0   20   84.00000   93.83333  11.7%     -    0s
     0     0   93.83333    0   18   84.00000   93.83333  11.7%     -    0s
     0     2   93.83333    0   18   84.00000   93.83333  11.7%     -    0s

Cutting planes:
  Gomory: 2
  MIR: 7
  Zero half: 7

Explored 24 nodes (208 simplex iterations) in 0.03 seconds
Thread count was 4 (of 4 available processors)

Solution count 4: 84 83 80 -0 
Pool objective bound 84

Optimal solution found (tolerance 1.00e-04)
Best objective 8.400000000000e+01, best bound 8.400000000000e+01, gap 0.0000%

Gurobi 7.0.1 (mac64, Python) logging started Mon Nov 13 14:16:55 2017

Optimize a model with 36 rows, 26 columns and 108 nonzeros
Variable types: 0 continuous, 26 integer (26 binary)
Coefficient statistics:
  Matrix range     [1e+00, 1e+00]
  Objective range  [1e+00, 1e+01]
  Bounds range     [1e+00, 1e+00]
  RHS range        [2e+00, 2e+00]
Found heuristic solution: objective -0
Presolve time: 0.00s
Presolved: 36 rows, 26 columns, 108 nonzeros
Variable types: 0 continuous, 26 integer (26 binary)

Root relaxation: objective 1.140000e+02, 9 iterations, 0.00 seconds

    Nodes    |    Current Node    |     Objective Bounds      |     Work
 Expl Unexpl |  Obj  Depth IntInf | Incumbent    BestBd   Gap | It/Node Time

     0     0  114.00000    0    8   -0.00000  114.00000      -     -    0s
H    0     0                      80.0000000  114.00000  42.5%     -    0s
H    0     0                      83.0000000  114.00000  37.3%     -    0s
     0     0  110.00000    0   11   83.00000  110.00000  32.5%     -    0s
     0     0  104.00000    0   12   83.00000  104.00000  25.3%     -    0s
     0     0  103.50000    0   13   83.00000  103.50000  24.7%     -    0s
     0     0   99.00000    0   18   83.00000   99.00000  19.3%     -    0s
     0     0   96.44444    0   19   83.00000   96.44444  16.2%     -    0s
     0     0   96.33333    0   15   83.00000   96.33333  16.1%     -    0s
     0     0   95.50000    0   15   83.00000   95.50000  15.1%     -    0s
     0     0   94.50000    0   18   83.00000   94.50000  13.9%     -    0s
     0     0   94.50000    0   15   83.00000   94.50000  13.9%     -    0s
H    0     0                      84.0000000   94.50000  12.5%     -    0s
     0     0   94.00000    0   14   84.00000   94.00000  11.9%     -    0s
     0     0   94.00000    0   13   84.00000   94.00000  11.9%     -    0s
     0     0   93.83333    0   20   84.00000   93.83333  11.7%     -    0s
     0     0   93.83333    0   18   84.00000   93.83333  11.7%     -    0s
     0     2   93.83333    0   18   84.00000   93.83333  11.7%     -    0s

Cutting planes:
  Gomory: 2
  MIR: 7
  Zero half: 7

Explored 24 nodes (208 simplex iterations) in 0.02 seconds
Thread count was 4 (of 4 available processors)

Solution count 4: 84 83 80 -0 
Pool objective bound 84

Optimal solution found (tolerance 1.00e-04)
Best objective 8.400000000000e+01, best bound 8.400000000000e+01, gap 0.0000%

Gurobi 7.0.1 (mac64, Python) logging started Tue Nov 14 07:37:29 2017

Optimize a model with 36 rows, 26 columns and 108 nonzeros
Variable types: 0 continuous, 26 integer (26 binary)
Coefficient statistics:
  Matrix range     [1e+00, 1e+00]
  Objective range  [1e+00, 1e+01]
  Bounds range     [1e+00, 1e+00]
  RHS range        [2e+00, 2e+00]
Found heuristic solution: objective -0
Presolve time: 0.01s
Presolved: 36 rows, 26 columns, 108 nonzeros
Variable types: 0 continuous, 26 integer (26 binary)

Root relaxation: objective 1.140000e+02, 9 iterations, 0.00 seconds

    Nodes    |    Current Node    |     Objective Bounds      |     Work
 Expl Unexpl |  Obj  Depth IntInf | Incumbent    BestBd   Gap | It/Node Time

     0     0  114.00000    0    8   -0.00000  114.00000      -     -    0s
H    0     0                      80.0000000  114.00000  42.5%     -    0s
H    0     0                      83.0000000  114.00000  37.3%     -    0s
     0     0  110.00000    0   11   83.00000  110.00000  32.5%     -    0s
     0     0  104.00000    0   12   83.00000  104.00000  25.3%     -    0s
     0     0  103.50000    0   13   83.00000  103.50000  24.7%     -    0s
     0     0   99.00000    0   18   83.00000   99.00000  19.3%     -    0s
     0     0   96.44444    0   19   83.00000   96.44444  16.2%     -    0s
     0     0   96.33333    0   15   83.00000   96.33333  16.1%     -    0s
     0     0   95.50000    0   15   83.00000   95.50000  15.1%     -    0s
     0     0   94.50000    0   18   83.00000   94.50000  13.9%     -    0s
     0     0   94.50000    0   15   83.00000   94.50000  13.9%     -    0s
H    0     0                      84.0000000   94.50000  12.5%     -    0s
     0     0   94.00000    0   14   84.00000   94.00000  11.9%     -    0s
     0     0   94.00000    0   13   84.00000   94.00000  11.9%     -    0s
     0     0   93.83333    0   20   84.00000   93.83333  11.7%     -    0s
     0     0   93.83333    0   18   84.00000   93.83333  11.7%     -    0s
     0     2   93.83333    0   18   84.00000   93.83333  11.7%     -    0s

Cutting planes:
  Gomory: 2
  MIR: 7
  Zero half: 7

Explored 24 nodes (208 simplex iterations) in 0.05 seconds
Thread count was 4 (of 4 available processors)

Solution count 4: 84 83 80 -0 
Pool objective bound 84

Optimal solution found (tolerance 1.00e-04)
Best objective 8.400000000000e+01, best bound 8.400000000000e+01, gap 0.0000%

Gurobi 7.0.1 (mac64, Python) logging started Tue Nov 14 07:37:36 2017

Optimize a model with 36 rows, 26 columns and 108 nonzeros
Variable types: 0 continuous, 26 integer (26 binary)
Coefficient statistics:
  Matrix range     [1e+00, 1e+00]
  Objective range  [1e+00, 1e+01]
  Bounds range     [1e+00, 1e+00]
  RHS range        [2e+00, 2e+00]
Found heuristic solution: objective -0
Presolve time: 0.00s
Presolved: 36 rows, 26 columns, 108 nonzeros
Variable types: 0 continuous, 26 integer (26 binary)

Root relaxation: objective 1.140000e+02, 9 iterations, 0.00 seconds

    Nodes    |    Current Node    |     Objective Bounds      |     Work
 Expl Unexpl |  Obj  Depth IntInf | Incumbent    BestBd   Gap | It/Node Time

     0     0  114.00000    0    8   -0.00000  114.00000      -     -    0s
H    0     0                      80.0000000  114.00000  42.5%     -    0s
H    0     0                      83.0000000  114.00000  37.3%     -    0s
     0     0  110.00000    0   11   83.00000  110.00000  32.5%     -    0s
     0     0  104.00000    0   12   83.00000  104.00000  25.3%     -    0s
     0     0  103.50000    0   13   83.00000  103.50000  24.7%     -    0s
     0     0   99.00000    0   18   83.00000   99.00000  19.3%     -    0s
     0     0   96.44444    0   19   83.00000   96.44444  16.2%     -    0s
     0     0   96.33333    0   15   83.00000   96.33333  16.1%     -    0s
     0     0   95.50000    0   15   83.00000   95.50000  15.1%     -    0s
     0     0   94.50000    0   18   83.00000   94.50000  13.9%     -    0s
     0     0   94.50000    0   15   83.00000   94.50000  13.9%     -    0s
H    0     0                      84.0000000   94.50000  12.5%     -    0s
     0     0   94.00000    0   14   84.00000   94.00000  11.9%     -    0s
     0     0   94.00000    0   13   84.00000   94.00000  11.9%     -    0s
     0     0   93.83333    0   20   84.00000   93.83333  11.7%     -    0s
     0     0   93.83333    0   18   84.00000   93.83333  11.7%     -    0s
     0     2   93.83333    0   18   84.00000   93.83333  11.7%     -    0s

Cutting planes:
  Gomory: 2
  MIR: 7
  Zero half: 7

Explored 24 nodes (208 simplex iterations) in 0.02 seconds
Thread count was 4 (of 4 available processors)

Solution count 4: 84 83 80 -0 
Pool objective bound 84

Optimal solution found (tolerance 1.00e-04)
Best objective 8.400000000000e+01, best bound 8.400000000000e+01, gap 0.0000%

Gurobi 7.0.1 (mac64, Python) logging started Tue Nov 14 07:37:44 2017

Optimize a model with 36 rows, 26 columns and 108 nonzeros
Variable types: 0 continuous, 26 integer (26 binary)
Coefficient statistics:
  Matrix range     [1e+00, 1e+00]
  Objective range  [1e+00, 1e+01]
  Bounds range     [1e+00, 1e+00]
  RHS range        [2e+00, 2e+00]
Found heuristic solution: objective -0
Presolve time: 0.00s
Presolved: 36 rows, 26 columns, 108 nonzeros
Variable types: 0 continuous, 26 integer (26 binary)

Root relaxation: objective 1.140000e+02, 9 iterations, 0.00 seconds

    Nodes    |    Current Node    |     Objective Bounds      |     Work
 Expl Unexpl |  Obj  Depth IntInf | Incumbent    BestBd   Gap | It/Node Time

     0     0  114.00000    0    8   -0.00000  114.00000      -     -    0s
H    0     0                      80.0000000  114.00000  42.5%     -    0s
H    0     0                      83.0000000  114.00000  37.3%     -    0s
     0     0  110.00000    0   11   83.00000  110.00000  32.5%     -    0s
     0     0  104.00000    0   12   83.00000  104.00000  25.3%     -    0s
     0     0  103.50000    0   13   83.00000  103.50000  24.7%     -    0s
     0     0   99.00000    0   18   83.00000   99.00000  19.3%     -    0s
     0     0   96.44444    0   19   83.00000   96.44444  16.2%     -    0s
     0     0   96.33333    0   15   83.00000   96.33333  16.1%     -    0s
     0     0   95.50000    0   15   83.00000   95.50000  15.1%     -    0s
     0     0   94.50000    0   18   83.00000   94.50000  13.9%     -    0s
     0     0   94.50000    0   15   83.00000   94.50000  13.9%     -    0s
H    0     0                      84.0000000   94.50000  12.5%     -    0s
     0     0   94.00000    0   14   84.00000   94.00000  11.9%     -    0s
     0     0   94.00000    0   13   84.00000   94.00000  11.9%     -    0s
     0     0   93.83333    0   20   84.00000   93.83333  11.7%     -    0s
     0     0   93.83333    0   18   84.00000   93.83333  11.7%     -    0s
     0     2   93.83333    0   18   84.00000   93.83333  11.7%     -    0s

Cutting planes:
  Gomory: 2
  MIR: 7
  Zero half: 7

Explored 24 nodes (208 simplex iterations) in 0.03 seconds
Thread count was 4 (of 4 available processors)

Solution count 4: 84 83 80 -0 
Pool objective bound 84

Optimal solution found (tolerance 1.00e-04)
Best objective 8.400000000000e+01, best bound 8.400000000000e+01, gap 0.0000%
